[www.pidkeys.com/index/check/redeem.html]
[backblue.gif]
[fade.gif]
[index.html]
[www.pidkeys.com/assets/css/frontend.min64fe.css]
[www.pidkeys.com/assets/css/user64fe.css]
[www.pidkeys.com/index/check/pid.html]
[www.pidkeys.com/index/check/iid.html]
[www.pidkeys.com/index/check/iso.html]
[www.pidkeys.com/index/check/about.html]
[www.pidkeys.com/assets/js/require.min.js]
[www.pidkeys.com/index/check/redeem.html]
[www.pidkeys.com/assets/img/boxed-bg.jpg]
[www.pidkeys.com/assets/css/frontend.min64fe.css]
[www.pidkeys.com/assets/css/user64fe.css]
[www.pidkeys.com/index/check/pid.html]
[www.pidkeys.com/index/check/iid.html]
[www.pidkeys.com/index/check/iso.html]
[www.pidkeys.com/index/check/about.html]
[www.pidkeys.com/assets/js/require-frontend.min64fe.js]
[www.pidkeys.com/assets/img/boxed-bg.html]
